#
# There is insufficient memory for the Java Runtime Environment to continue.
# Native memory allocation (mmap) failed to map 214958080 bytes for G1 virtual space
# Possible reasons:
#   The system is out of physical RAM or swap space
#   The process is running with CompressedOops enabled, and the Java Heap may be blocking the growth of the native heap
# Possible solutions:
#   Reduce memory load on the system
#   Increase physical memory or swap space
#   Check if swap backing store is full
#   Decrease Java heap size (-Xmx/-Xms)
#   Decrease number of Java threads
#   Decrease Java thread stack sizes (-Xss)
#   Set larger code cache with -XX:ReservedCodeCacheSize=
#   JVM is running with Unscaled Compressed Oops mode in which the Java heap is
#     placed in the first 4GB address space. The Java Heap base address is the
#     maximum limit for the native heap growth. Please use -XX:HeapBaseMinAddress
#     to set the Java Heap base and to place the Java Heap above 4GB virtual address.
# This output file may be truncated or incomplete.
#
#  Out of Memory Error (os_windows.cpp:3613), pid=41788, tid=40296
#
# JRE version: OpenJDK Runtime Environment Temurin-17.0.9+9 (17.0.9+9) (build 17.0.9+9)
# Java VM: OpenJDK 64-Bit Server VM Temurin-17.0.9+9 (17.0.9+9, mixed mode, sharing, tiered, compressed oops, compressed class ptrs, g1 gc, windows-amd64)
# No core dump will be written. Minidumps are not enabled by default on client versions of Windows
#

---------------  S U M M A R Y ------------

Command Line: -Dcom.android.sdklib.toolsdir=C:\Users\georg\Downloads\6000.1.14f1\Editor\Data\PlaybackEngines\AndroidPlayer\SDK\cmdline-tools\16.0\bin\\.. com.android.sdklib.tool.sdkmanager.SdkManagerCli --list

Host: AMD Ryzen 5 5500U with Radeon Graphics         , 12 cores, 7G,  Windows 11 , 64 bit Build 26100 (10.0.26100.7623)
Time: Mon Jan 26 13:23:59 2026 Greenwich Standard Time elapsed time: 10.481233 seconds (0d 0h 0m 10s)

---------------  T H R E A D  ---------------

Current thread (0x0000018d5d689930):  VMThread "VM Thread" [stack: 0x00000055c6900000,0x00000055c6a00000] [id=40296]

Stack: [0x00000055c6900000,0x00000055c6a00000]
Native frames: (J=compiled Java code, j=interpreted, Vv=VM code, C=native code)
V  [jvm.dll+0x67cf49]
V  [jvm.dll+0x83478a]
V  [jvm.dll+0x83624e]
V  [jvm.dll+0x8368b3]
V  [jvm.dll+0x247f1f]
V  [jvm.dll+0x679d69]
V  [jvm.dll+0x66e6ba]
V  [jvm.dll+0x307e5b]
V  [jvm.dll+0x30f306]
V  [jvm.dll+0x35f0ce]
V  [jvm.dll+0x35f2ff]
V  [jvm.dll+0x2dea58]
V  [jvm.dll+0x2dcc34]
V  [jvm.dll+0x2dc23c]
V  [jvm.dll+0x3202bb]
V  [jvm.dll+0x83adab]
V  [jvm.dll+0x83baf1]
V  [jvm.dll+0x83c00d]
V  [jvm.dll+0x83c3e4]
V  [jvm.dll+0x83c4b0]
V  [jvm.dll+0x7e3c3a]
V  [jvm.dll+0x67be35]
C  [ucrtbase.dll+0x37b0]
C  [KERNEL32.DLL+0x2e8d7]
C  [ntdll.dll+0x8c53c]

VM_Operation (0x00000055c63fda90): G1CollectForAllocation, mode: safepoint, requested by thread 0x0000018d3d85b920


---------------  P R O C E S S  ---------------

Threads class SMR info:
_java_thread_list=0x0000018da366e4a0, length=13, elements={
0x0000018d3d85b920, 0x0000018d5d68c2d0, 0x0000018d5d68cc90, 0x0000018d5d6a9960,
0x0000018d5d6aa230, 0x0000018d5d6abe10, 0x0000018d5d6ac7d0, 0x0000018d5d6b1c60,
0x0000018d5d6bc8f0, 0x0000018d5d6c7210, 0x0000018da31323d0, 0x0000018da3137540,
0x0000018da3c3e820
}

Java Threads: ( => current thread )
  0x0000018d3d85b920 JavaThread "main" [_thread_blocked, id=39832, stack(0x00000055c6300000,0x00000055c6400000)]
  0x0000018d5d68c2d0 JavaThread "Reference Handler" daemon [_thread_blocked, id=31604, stack(0x00000055c6a00000,0x00000055c6b00000)]
  0x0000018d5d68cc90 JavaThread "Finalizer" daemon [_thread_blocked, id=38456, stack(0x00000055c6b00000,0x00000055c6c00000)]
  0x0000018d5d6a9960 JavaThread "Signal Dispatcher" daemon [_thread_blocked, id=48440, stack(0x00000055c6c00000,0x00000055c6d00000)]
  0x0000018d5d6aa230 JavaThread "Attach Listener" daemon [_thread_blocked, id=40620, stack(0x00000055c6d00000,0x00000055c6e00000)]
  0x0000018d5d6abe10 JavaThread "Service Thread" daemon [_thread_blocked, id=38364, stack(0x00000055c6e00000,0x00000055c6f00000)]
  0x0000018d5d6ac7d0 JavaThread "Monitor Deflation Thread" daemon [_thread_blocked, id=23720, stack(0x00000055c6f00000,0x00000055c7000000)]
  0x0000018d5d6b1c60 JavaThread "C2 CompilerThread0" daemon [_thread_blocked, id=29880, stack(0x00000055c7000000,0x00000055c7100000)]
  0x0000018d5d6bc8f0 JavaThread "C1 CompilerThread0" daemon [_thread_blocked, id=45572, stack(0x00000055c7100000,0x00000055c7200000)]
  0x0000018d5d6c7210 JavaThread "Sweeper thread" daemon [_thread_blocked, id=47028, stack(0x00000055c7200000,0x00000055c7300000)]
  0x0000018da31323d0 JavaThread "Notification Thread" daemon [_thread_blocked, id=48420, stack(0x00000055c7300000,0x00000055c7400000)]
  0x0000018da3137540 JavaThread "Common-Cleaner" daemon [_thread_blocked, id=47508, stack(0x00000055c7500000,0x00000055c7600000)]
  0x0000018da3c3e820 JavaThread "C2 CompilerThread1" daemon [_thread_blocked, id=28868, stack(0x00000055c7a00000,0x00000055c7b00000)]

Other Threads:
=>0x0000018d5d689930 VMThread "VM Thread" [stack: 0x00000055c6900000,0x00000055c6a00000] [id=40296]
  0x0000018da31348c0 WatcherThread [stack: 0x00000055c7400000,0x00000055c7500000] [id=2084]
  0x0000018d3d8b34e0 GCTaskThread "GC Thread#0" [stack: 0x00000055c6400000,0x00000055c6500000] [id=41176]
  0x0000018da3815210 GCTaskThread "GC Thread#1" [stack: 0x00000055c7600000,0x00000055c7700000] [id=19548]
  0x0000018da380b810 GCTaskThread "GC Thread#2" [stack: 0x00000055c7700000,0x00000055c7800000] [id=44100]
  0x0000018da380bad0 GCTaskThread "GC Thread#3" [stack: 0x00000055c7800000,0x00000055c7900000] [id=39780]
  0x0000018da37febd0 GCTaskThread "GC Thread#4" [stack: 0x00000055c7900000,0x00000055c7a00000] [id=27320]
  0x0000018da3fff170 GCTaskThread "GC Thread#5" [stack: 0x00000055c7b00000,0x00000055c7c00000] [id=36516]
  0x0000018da4017230 GCTaskThread "GC Thread#6" [stack: 0x00000055c7c00000,0x00000055c7d00000] [id=11028]
  0x0000018da3aeafb0 GCTaskThread "GC Thread#7" [stack: 0x00000055c7d00000,0x00000055c7e00000] [id=46348]
  0x0000018da3c3b290 GCTaskThread "GC Thread#8" [stack: 0x00000055c7e00000,0x00000055c7f00000] [id=46992]
  0x0000018da3c3b550 GCTaskThread "GC Thread#9" [stack: 0x00000055c7f00000,0x00000055c8000000] [id=33120]
  0x0000018d3d8c4b90 ConcurrentGCThread "G1 Main Marker" [stack: 0x00000055c6500000,0x00000055c6600000] [id=36792]
  0x0000018d3d8c7c60 ConcurrentGCThread "G1 Conc#0" [stack: 0x00000055c6600000,0x00000055c6700000] [id=18224]
  0x0000018d5d53bca0 ConcurrentGCThread "G1 Refine#0" [stack: 0x00000055c6700000,0x00000055c6800000] [id=37064]
  0x0000018d3d90e9b0 ConcurrentGCThread "G1 Service" [stack: 0x00000055c6800000,0x00000055c6900000] [id=33952]

Threads with active compile tasks:
C2 CompilerThread0    10544 2288       4       com.sun.xml.bind.v2.util.QNameMap::getEntry (105 bytes)
C2 CompilerThread1    10545 2076   !   4       com.sun.org.apache.xerces.internal.impl.XMLDocumentFragmentScannerImpl$FragmentContentDriver::next (2331 bytes)

VM state: at safepoint (normal execution)

VM Mutex/Monitor currently owned by a thread:  ([mutex/lock_event])
[0x0000018d3d8573c0] Threads_lock - owner thread: 0x0000018d5d689930
[0x0000018d3d856c70] Heap_lock - owner thread: 0x0000018d3d85b920

Heap address: 0x000000008ac00000, size: 1876 MB, Compressed Oops mode: 32-bit

CDS archive(s) mapped at: [0x0000018d5e000000-0x0000018d5eba0000-0x0000018d5eba0000), size 12189696, SharedBaseAddress: 0x0000018d5e000000, ArchiveRelocationMode: 1.
Compressed class space mapped at: 0x0000018d5f000000-0x0000018d9f000000, reserved size: 1073741824
Narrow klass base: 0x0000018d5e000000, Narrow klass shift: 0, Narrow klass range: 0x100000000

GC Precious Log:
 CPUs: 12 total, 12 available
 Memory: 7501M
 Large Page Support: Disabled
 NUMA Support: Disabled
 Compressed Oops: Enabled (32-bit)
 Heap Region Size: 1M
 Heap Min Capacity: 8M
 Heap Initial Capacity: 118M
 Heap Max Capacity: 1876M
 Pre-touch: Disabled
 Parallel Workers: 10
 Concurrent Workers: 3
 Concurrent Refinement Workers: 10
 Periodic GC: Disabled

Heap:
 garbage-first heap   total 120832K, used 11093K [0x000000008ac00000, 0x0000000100000000)
  region size 1024K, 1 young (1024K), 1 survivors (1024K)
 Metaspace       used 10859K, committed 11072K, reserved 1114112K
  class space    used 1150K, committed 1280K, reserved 1048576K

Heap Regions: E=young(eden), S=young(survivor), O=old, HS=humongous(starts), HC=humongous(continues), CS=collection set, F=free, OA=open archive, CA=closed archive, TAMS=top-at-mark-start (previous, next)
|   0|0x000000008ac00000, 0x000000008ad00000, 0x000000008ad00000|100%| O|  |TAMS 0x000000008ac00000, 0x000000008ac00000| Untracked 
|   1|0x000000008ad00000, 0x000000008ae00000, 0x000000008ae00000|100%| O|  |TAMS 0x000000008ad00000, 0x000000008ad00000| Untracked 
|   2|0x000000008ae00000, 0x000000008af00000, 0x000000008af00000|100%| O|  |TAMS 0x000000008ae00000, 0x000000008ae00000| Untracked 
|   3|0x000000008af00000, 0x000000008b000000, 0x000000008b000000|100%| O|  |TAMS 0x000000008af00000, 0x000000008af00000| Untracked 
|   4|0x000000008b000000, 0x000000008b100000, 0x000000008b100000|100%| O|  |TAMS 0x000000008b000000, 0x000000008b000000| Untracked 
|   5|0x000000008b100000, 0x000000008b200000, 0x000000008b200000|100%| O|  |TAMS 0x000000008b100000, 0x000000008b100000| Untracked 
|   6|0x000000008b200000, 0x000000008b300000, 0x000000008b300000|100%| O|  |TAMS 0x000000008b200000, 0x000000008b200000| Untracked 
|   7|0x000000008b300000, 0x000000008b400000, 0x000000008b400000|100%| O|  |TAMS 0x000000008b300000, 0x000000008b300000| Untracked 
|   8|0x000000008b400000, 0x000000008b500000, 0x000000008b500000|100%| O|  |TAMS 0x000000008b400000, 0x000000008b400000| Untracked 
|   9|0x000000008b500000, 0x000000008b600000, 0x000000008b600000|100%| O|  |TAMS 0x000000008b500000, 0x000000008b500000| Untracked 
|  10|0x000000008b600000, 0x000000008b69e400, 0x000000008b700000| 61%| O|  |TAMS 0x000000008b600000, 0x000000008b600000| Untracked 
|  11|0x000000008b700000, 0x000000008b700000, 0x000000008b800000|  0%| F|  |TAMS 0x000000008b700000, 0x000000008b700000| Untracked 
|  12|0x000000008b800000, 0x000000008b800000, 0x000000008b900000|  0%| F|  |TAMS 0x000000008b800000, 0x000000008b800000| Untracked 
|  13|0x000000008b900000, 0x000000008b900000, 0x000000008ba00000|  0%| F|  |TAMS 0x000000008b900000, 0x000000008b900000| Untracked 
|  14|0x000000008ba00000, 0x000000008ba00000, 0x000000008bb00000|  0%| F|  |TAMS 0x000000008ba00000, 0x000000008ba00000| Untracked 
|  15|0x000000008bb00000, 0x000000008bb00000, 0x000000008bc00000|  0%| F|  |TAMS 0x000000008bb00000, 0x000000008bb00000| Untracked 
|  16|0x000000008bc00000, 0x000000008bc00000, 0x000000008bd00000|  0%| F|  |TAMS 0x000000008bc00000, 0x000000008bc00000| Untracked 
|  17|0x000000008bd00000, 0x000000008bd00000, 0x000000008be00000|  0%| F|  |TAMS 0x000000008bd00000, 0x000000008bd00000| Untracked 
|  18|0x000000008be00000, 0x000000008be00000, 0x000000008bf00000|  0%| F|  |TAMS 0x000000008be00000, 0x000000008be00000| Untracked 
|  19|0x000000008bf00000, 0x000000008bf00000, 0x000000008c000000|  0%| F|  |TAMS 0x000000008bf00000, 0x000000008bf00000| Untracked 
|  20|0x000000008c000000, 0x000000008c000000, 0x000000008c100000|  0%| F|  |TAMS 0x000000008c000000, 0x000000008c000000| Untracked 
|  21|0x000000008c100000, 0x000000008c100000, 0x000000008c200000|  0%| F|  |TAMS 0x000000008c100000, 0x000000008c100000| Untracked 
|  22|0x000000008c200000, 0x000000008c200000, 0x000000008c300000|  0%| F|  |TAMS 0x000000008c200000, 0x000000008c200000| Untracked 
|  23|0x000000008c300000, 0x000000008c300000, 0x000000008c400000|  0%| F|  |TAMS 0x000000008c300000, 0x000000008c300000| Untracked 
|  24|0x000000008c400000, 0x000000008c400000, 0x000000008c500000|  0%| F|  |TAMS 0x000000008c400000, 0x000000008c400000| Untracked 
|  25|0x000000008c500000, 0x000000008c500000, 0x000000008c600000|  0%| F|  |TAMS 0x000000008c500000, 0x000000008c500000| Untracked 
|  26|0x000000008c600000, 0x000000008c600000, 0x000000008c700000|  0%| F|  |TAMS 0x000000008c600000, 0x000000008c600000| Untracked 
|  27|0x000000008c700000, 0x000000008c700000, 0x000000008c800000|  0%| F|  |TAMS 0x000000008c700000, 0x000000008c700000| Untracked 
|  28|0x000000008c800000, 0x000000008c800000, 0x000000008c900000|  0%| F|  |TAMS 0x000000008c800000, 0x000000008c800000| Untracked 
|  29|0x000000008c900000, 0x000000008c900000, 0x000000008ca00000|  0%| F|  |TAMS 0x000000008c900000, 0x000000008c900000| Untracked 
|  30|0x000000008ca00000, 0x000000008ca00000, 0x000000008cb00000|  0%| F|  |TAMS 0x000000008ca00000, 0x000000008ca00000| Untracked 
|  31|0x000000008cb00000, 0x000000008cb00000, 0x000000008cc00000|  0%| F|  |TAMS 0x000000008cb00000, 0x000000008cb00000| Untracked 
|  32|0x000000008cc00000, 0x000000008cc00000, 0x000000008cd00000|  0%| F|  |TAMS 0x000000008cc00000, 0x000000008cc00000| Untracked 
|  33|0x000000008cd00000, 0x000000008cd00000, 0x000000008ce00000|  0%| F|  |TAMS 0x000000008cd00000, 0x000000008cd00000| Untracked 
|  34|0x000000008ce00000, 0x000000008ce00000, 0x000000008cf00000|  0%| F|  |TAMS 0x000000008ce00000, 0x000000008ce00000| Untracked 
|  35|0x000000008cf00000, 0x000000008cf00000, 0x000000008d000000|  0%| F|  |TAMS 0x000000008cf00000, 0x000000008cf00000| Untracked 
|  36|0x000000008d000000, 0x000000008d000000, 0x000000008d100000|  0%| F|  |TAMS 0x000000008d000000, 0x000000008d000000| Untracked 
|  37|0x000000008d100000, 0x000000008d100000, 0x000000008d200000|  0%| F|  |TAMS 0x000000008d100000, 0x000000008d100000| Untracked 
|  38|0x000000008d200000, 0x000000008d200000, 0x000000008d300000|  0%| F|  |TAMS 0x000000008d200000, 0x000000008d200000| Untracked 
|  39|0x000000008d300000, 0x000000008d300000, 0x000000008d400000|  0%| F|  |TAMS 0x000000008d300000, 0x000000008d300000| Untracked 
|  40|0x000000008d400000, 0x000000008d400000, 0x000000008d500000|  0%| F|  |TAMS 0x000000008d400000, 0x000000008d400000| Untracked 
|  41|0x000000008d500000, 0x000000008d500000, 0x000000008d600000|  0%| F|  |TAMS 0x000000008d500000, 0x000000008d500000| Untracked 
|  42|0x000000008d600000, 0x000000008d600000, 0x000000008d700000|  0%| F|  |TAMS 0x000000008d600000, 0x000000008d600000| Untracked 
|  43|0x000000008d700000, 0x000000008d700000, 0x000000008d800000|  0%| F|  |TAMS 0x000000008d700000, 0x000000008d700000| Untracked 
|  44|0x000000008d800000, 0x000000008d800000, 0x000000008d900000|  0%| F|  |TAMS 0x000000008d800000, 0x000000008d800000| Untracked 
|  45|0x000000008d900000, 0x000000008d900000, 0x000000008da00000|  0%| F|  |TAMS 0x000000008d900000, 0x000000008d900000| Untracked 
|  46|0x000000008da00000, 0x000000008da00000, 0x000000008db00000|  0%| F|  |TAMS 0x000000008da00000, 0x000000008da00000| Untracked 
|  47|0x000000008db00000, 0x000000008db00000, 0x000000008dc00000|  0%| F|  |TAMS 0x000000008db00000, 0x000000008db00000| Untracked 
|  48|0x000000008dc00000, 0x000000008dc00000, 0x000000008dd00000|  0%| F|  |TAMS 0x000000008dc00000, 0x000000008dc00000| Untracked 
|  49|0x000000008dd00000, 0x000000008dd00000, 0x000000008de00000|  0%| F|  |TAMS 0x000000008dd00000, 0x000000008dd00000| Untracked 
|  50|0x000000008de00000, 0x000000008de00000, 0x000000008df00000|  0%| F|  |TAMS 0x000000008de00000, 0x000000008de00000| Untracked 
|  51|0x000000008df00000, 0x000000008df00000, 0x000000008e000000|  0%| F|  |TAMS 0x000000008df00000, 0x000000008df00000| Untracked 
|  52|0x000000008e000000, 0x000000008e000000, 0x000000008e100000|  0%| F|  |TAMS 0x000000008e000000, 0x000000008e000000| Untracked 
|  53|0x000000008e100000, 0x000000008e100000, 0x000000008e200000|  0%| F|  |TAMS 0x000000008e100000, 0x000000008e100000| Untracked 
|  54|0x000000008e200000, 0x000000008e200000, 0x000000008e300000|  0%| F|  |TAMS 0x000000008e200000, 0x000000008e200000| Untracked 
|  55|0x000000008e300000, 0x000000008e300000, 0x000000008e400000|  0%| F|  |TAMS 0x000000008e300000, 0x000000008e300000| Untracked 
|  56|0x000000008e400000, 0x000000008e400000, 0x000000008e500000|  0%| F|  |TAMS 0x000000008e400000, 0x000000008e400000| Untracked 
|  57|0x000000008e500000, 0x000000008e500000, 0x000000008e600000|  0%| F|  |TAMS 0x000000008e500000, 0x000000008e500000| Untracked 
|  58|0x000000008e600000, 0x000000008e600000, 0x000000008e700000|  0%| F|  |TAMS 0x000000008e600000, 0x000000008e600000| Untracked 
|  59|0x000000008e700000, 0x000000008e700000, 0x000000008e800000|  0%| F|  |TAMS 0x000000008e700000, 0x000000008e700000| Untracked 
|  60|0x000000008e800000, 0x000000008e800000, 0x000000008e900000|  0%| F|  |TAMS 0x000000008e800000, 0x000000008e800000| Untracked 
|  61|0x000000008e900000, 0x000000008e900000, 0x000000008ea00000|  0%| F|  |TAMS 0x000000008e900000, 0x000000008e900000| Untracked 
|  62|0x000000008ea00000, 0x000000008ea00000, 0x000000008eb00000|  0%| F|  |TAMS 0x000000008ea00000, 0x000000008ea00000| Untracked 
|  63|0x000000008eb00000, 0x000000008eb00000, 0x000000008ec00000|  0%| F|  |TAMS 0x000000008eb00000, 0x000000008eb00000| Untracked 
|  64|0x000000008ec00000, 0x000000008ec00000, 0x000000008ed00000|  0%| F|  |TAMS 0x000000008ec00000, 0x000000008ec00000| Untracked 
|  65|0x000000008ed00000, 0x000000008ed00000, 0x000000008ee00000|  0%| F|  |TAMS 0x000000008ed00000, 0x000000008ed00000| Untracked 
|  66|0x000000008ee00000, 0x000000008ee00000, 0x000000008ef00000|  0%| F|  |TAMS 0x000000008ee00000, 0x000000008ee00000| Untracked 
|  67|0x000000008ef00000, 0x000000008ef00000, 0x000000008f000000|  0%| F|  |TAMS 0x000000008ef00000, 0x000000008ef00000| Untracked 
|  68|0x000000008f000000, 0x000000008f000000, 0x000000008f100000|  0%| F|  |TAMS 0x000000008f000000, 0x000000008f000000| Untracked 
|  69|0x000000008f100000, 0x000000008f100000, 0x000000008f200000|  0%| F|  |TAMS 0x000000008f100000, 0x000000008f100000| Untracked 
|  70|0x000000008f200000, 0x000000008f200000, 0x000000008f300000|  0%| F|  |TAMS 0x000000008f200000, 0x000000008f200000| Untracked 
|  71|0x000000008f300000, 0x000000008f300000, 0x000000008f400000|  0%| F|  |TAMS 0x000000008f300000, 0x000000008f300000| Untracked 
|  72|0x000000008f400000, 0x000000008f400000, 0x000000008f500000|  0%| F|  |TAMS 0x000000008f400000, 0x000000008f400000| Untracked 
|  73|0x000000008f500000, 0x000000008f500000, 0x000000008f600000|  0%| F|  |TAMS 0x000000008f500000, 0x000000008f500000| Untracked 
|  74|0x000000008f600000, 0x000000008f600000, 0x000000008f700000|  0%| F|  |TAMS 0x000000008f600000, 0x000000008f600000| Untracked 
|  75|0x000000008f700000, 0x000000008f700000, 0x000000008f800000|  0%| F|  |TAMS 0x000000008f700000, 0x000000008f700000| Untracked 
|  76|0x000000008f800000, 0x000000008f800000, 0x000000008f900000|  0%| F|  |TAMS 0x000000008f800000, 0x000000008f800000| Untracked 
|  77|0x000000008f900000, 0x000000008f900000, 0x000000008fa00000|  0%| F|  |TAMS 0x000000008f900000, 0x000000008f900000| Untracked 
|  78|0x000000008fa00000, 0x000000008fa00000, 0x000000008fb00000|  0%| F|  |TAMS 0x000000008fa00000, 0x000000008fa00000| Untracked 
|  79|0x000000008fb00000, 0x000000008fb00000, 0x000000008fc00000|  0%| F|  |TAMS 0x000000008fb00000, 0x000000008fb00000| Untracked 
|  80|0x000000008fc00000, 0x000000008fc00000, 0x000000008fd00000|  0%| F|  |TAMS 0x000000008fc00000, 0x000000008fc00000| Untracked 
|  81|0x000000008fd00000, 0x000000008fd00000, 0x000000008fe00000|  0%| F|  |TAMS 0x000000008fd00000, 0x000000008fd00000| Untracked 
|  82|0x000000008fe00000, 0x000000008fe00000, 0x000000008ff00000|  0%| F|  |TAMS 0x000000008fe00000, 0x000000008fe00000| Untracked 
|  83|0x000000008ff00000, 0x000000008ff00000, 0x0000000090000000|  0%| F|  |TAMS 0x000000008ff00000, 0x000000008ff00000| Untracked 
|  84|0x0000000090000000, 0x0000000090000000, 0x0000000090100000|  0%| F|  |TAMS 0x0000000090000000, 0x0000000090000000| Untracked 
|  85|0x0000000090100000, 0x0000000090100000, 0x0000000090200000|  0%| F|  |TAMS 0x0000000090100000, 0x0000000090100000| Untracked 
|  86|0x0000000090200000, 0x0000000090200000, 0x0000000090300000|  0%| F|  |TAMS 0x0000000090200000, 0x0000000090200000| Untracked 
|  87|0x0000000090300000, 0x0000000090300000, 0x0000000090400000|  0%| F|  |TAMS 0x0000000090300000, 0x0000000090300000| Untracked 
|  88|0x0000000090400000, 0x0000000090400000, 0x0000000090500000|  0%| F|  |TAMS 0x0000000090400000, 0x0000000090400000| Untracked 
|  89|0x0000000090500000, 0x0000000090500000, 0x0000000090600000|  0%| F|  |TAMS 0x0000000090500000, 0x0000000090500000| Untracked 
|  90|0x0000000090600000, 0x0000000090600000, 0x0000000090700000|  0%| F|  |TAMS 0x0000000090600000, 0x0000000090600000| Untracked 
|  91|0x0000000090700000, 0x0000000090700000, 0x0000000090800000|  0%| F|  |TAMS 0x0000000090700000, 0x0000000090700000| Untracked 
|  92|0x0000000090800000, 0x0000000090800000, 0x0000000090900000|  0%| F|  |TAMS 0x0000000090800000, 0x0000000090800000| Untracked 
|  93|0x0000000090900000, 0x0000000090900000, 0x0000000090a00000|  0%| F|  |TAMS 0x0000000090900000, 0x0000000090900000| Untracked 
|  94|0x0000000090a00000, 0x0000000090a00000, 0x0000000090b00000|  0%| F|  |TAMS 0x0000000090a00000, 0x0000000090a00000| Untracked 
|  95|0x0000000090b00000, 0x0000000090b00000, 0x0000000090c00000|  0%| F|  |TAMS 0x0000000090b00000, 0x0000000090b00000| Untracked 
|  96|0x0000000090c00000, 0x0000000090c00000, 0x0000000090d00000|  0%| F|  |TAMS 0x0000000090c00000, 0x0000000090c00000| Untracked 
|  97|0x0000000090d00000, 0x0000000090d00000, 0x0000000090e00000|  0%| F|  |TAMS 0x0000000090d00000, 0x0000000090d00000| Untracked 
|  98|0x0000000090e00000, 0x0000000090e00000, 0x0000000090f00000|  0%| F|  |TAMS 0x0000000090e00000, 0x0000000090e00000| Untracked 
|  99|0x0000000090f00000, 0x0000000090f00000, 0x0000000091000000|  0%| F|  |TAMS 0x0000000090f00000, 0x0000000090f00000| Untracked 
| 100|0x0000000091000000, 0x0000000091000000, 0x0000000091100000|  0%| F|  |TAMS 0x0000000091000000, 0x0000000091000000| Untracked 
| 101|0x0000000091100000, 0x0000000091100000, 0x0000000091200000|  0%| F|  |TAMS 0x0000000091100000, 0x0000000091100000| Untracked 
| 102|0x0000000091200000, 0x0000000091200000, 0x0000000091300000|  0%| F|  |TAMS 0x0000000091200000, 0x0000000091200000| Untracked 
| 103|0x0000000091300000, 0x0000000091300000, 0x0000000091400000|  0%| F|  |TAMS 0x0000000091300000, 0x0000000091300000| Untracked 
| 104|0x0000000091400000, 0x0000000091400000, 0x0000000091500000|  0%| F|  |TAMS 0x0000000091400000, 0x0000000091400000| Untracked 
| 105|0x0000000091500000, 0x0000000091500000, 0x0000000091600000|  0%| F|  |TAMS 0x0000000091500000, 0x0000000091500000| Untracked 
| 106|0x0000000091600000, 0x0000000091600000, 0x0000000091700000|  0%| F|  |TAMS 0x0000000091600000, 0x0000000091600000| Untracked 
| 107|0x0000000091700000, 0x0000000091700000, 0x0000000091800000|  0%| F|  |TAMS 0x0000000091700000, 0x0000000091700000| Untracked 
| 108|0x0000000091800000, 0x0000000091800000, 0x0000000091900000|  0%| F|  |TAMS 0x0000000091800000, 0x0000000091800000| Untracked 
| 109|0x0000000091900000, 0x0000000091900000, 0x0000000091a00000|  0%| F|  |TAMS 0x0000000091900000, 0x0000000091900000| Untracked 
| 110|0x0000000091a00000, 0x0000000091a00000, 0x0000000091b00000|  0%| F|  |TAMS 0x0000000091a00000, 0x0000000091a00000| Untracked 
| 111|0x0000000091b00000, 0x0000000091b00000, 0x0000000091c00000|  0%| F|  |TAMS 0x0000000091b00000, 0x0000000091b00000| Untracked 
| 112|0x0000000091c00000, 0x0000000091c00000, 0x0000000091d00000|  0%| F|  |TAMS 0x0000000091c00000, 0x0000000091c00000| Untracked 
| 113|0x0000000091d00000, 0x0000000091d37120, 0x0000000091e00000| 21%| S|CS|TAMS 0x0000000091d00000, 0x0000000091d00000| Complete 
| 114|0x0000000091e00000, 0x0000000091e00000, 0x0000000091f00000|  0%| F|  |TAMS 0x0000000091e00000, 0x0000000091e00000| Untracked 
| 115|0x0000000091f00000, 0x0000000091f00000, 0x0000000092000000|  0%| F|  |TAMS 0x0000000091f00000, 0x0000000091f00000| Untracked 
| 116|0x0000000092000000, 0x0000000092000000, 0x0000000092100000|  0%| F|  |TAMS 0x0000000092000000, 0x0000000092000000| Untracked 
| 117|0x0000000092100000, 0x0000000092100000, 0x0000000092200000|  0%| F|  |TAMS 0x0000000092100000, 0x0000000092100000| Untracked 

Card table byte_map: [0x0000018d56bf0000,0x0000018d56fa0000] _byte_map_base: 0x0000018d5679a000

Marking Bits (Prev, Next): (CMBitMap*) 0x0000018d3d8b4b10, (CMBitMap*) 0x0000018d3d8b4b50
 Prev Bits: [0x0000018d57350000, 0x0000018d590a0000)
 Next Bits: [0x0000018d590a0000, 0x0000018d5adf0000)

Polling page: 0x0000018d3d910000

Metaspace:

Usage:
  Non-class:      9.48 MB used.
      Class:      1.12 MB used.
       Both:     10.61 MB used.

Virtual space:
  Non-class space:       64.00 MB reserved,       9.56 MB ( 15%) committed,  1 nodes.
      Class space:        1.00 GB reserved,       1.25 MB ( <1%) committed,  1 nodes.
             Both:        1.06 GB reserved,      10.81 MB ( <1%) committed. 

Chunk freelists:
   Non-Class:  5.71 MB
       Class:  14.65 MB
        Both:  20.36 MB

MaxMetaspaceSize: unlimited
CompressedClassSpaceSize: 1.00 GB
Initial GC threshold: 21.00 MB
Current GC threshold: 21.00 MB
CDS: on
MetaspaceReclaimPolicy: balanced
 - commit_granule_bytes: 65536.
 - commit_granule_words: 8192.
 - virtual_space_node_default_size: 8388608.
 - enlarge_chunks_in_place: 1.
 - new_chunks_are_fully_committed: 0.
 - uncommit_free_chunks: 1.
 - use_allocation_guard: 0.
 - handle_deallocations: 1.


Internal statistics:

num_allocs_failed_limit: 0.
num_arena_births: 228.
num_arena_deaths: 0.
num_vsnodes_births: 2.
num_vsnodes_deaths: 0.
num_space_committed: 173.
num_space_uncommitted: 0.
num_chunks_returned_to_freelist: 0.
num_chunks_taken_from_freelist: 569.
num_chunk_merges: 0.
num_chunk_splits: 356.
num_chunks_enlarged: 215.
num_inconsistent_stats: 0.

CodeHeap 'non-profiled nmethods': size=120000Kb used=799Kb max_used=799Kb free=119200Kb
 bounds [0x0000018d4e690000, 0x0000018d4e900000, 0x0000018d55bc0000]
CodeHeap 'profiled nmethods': size=120000Kb used=4593Kb max_used=4593Kb free=115406Kb
 bounds [0x0000018d46bc0000, 0x0000018d47040000, 0x0000018d4e0f0000]
CodeHeap 'non-nmethods': size=5760Kb used=1179Kb max_used=1218Kb free=4580Kb
 bounds [0x0000018d4e0f0000, 0x0000018d4e360000, 0x0000018d4e690000]
 total_blobs=2726 nmethods=2256 adapters=382
 compilation: enabled
              stopped_count=0, restarted_count=0
 full_count=0

Compilation events (20 events):
Event: 6.308 Thread 0x0000018d5d6bc8f0 2281       2       com.android.repository.impl.generated.generic.v2.GenericDetailsType::<init> (5 bytes)
Event: 6.308 Thread 0x0000018d5d6bc8f0 nmethod 2281 0x0000018d47037110 code [0x0000018d470372a0, 0x0000018d47037398]
Event: 6.318 Thread 0x0000018d5d6bc8f0 2282 %     3       com.sun.org.apache.xerces.internal.impl.XMLDocumentFragmentScannerImpl::scanDocument @ 13 (346 bytes)
Event: 6.320 Thread 0x0000018d5d6bc8f0 nmethod 2282% 0x0000018d47037410 code [0x0000018d47037720, 0x0000018d47038cf8]
Event: 6.320 Thread 0x0000018d5d6bc8f0 2283   !   2       jdk.internal.reflect.GeneratedConstructorAccessor41::newInstance (49 bytes)
Event: 6.320 Thread 0x0000018d5d6bc8f0 nmethod 2283 0x0000018d47039210 code [0x0000018d470393e0, 0x0000018d47039708]
Event: 6.321 Thread 0x0000018d5d6bc8f0 2284       3       com.sun.org.apache.xerces.internal.impl.XMLDocumentFragmentScannerImpl::scanDocument (346 bytes)
Event: 6.323 Thread 0x0000018d5d6bc8f0 nmethod 2284 0x0000018d47039910 code [0x0000018d47039c20, 0x0000018d4703b0d8]
Event: 8.364 Thread 0x0000018d5d6b1c60 nmethod 2245 0x0000018d4e752110 code [0x0000018d4e7523a0, 0x0000018d4e753ca0]
Event: 8.365 Thread 0x0000018d5d6b1c60 2246       4       com.sun.org.apache.xerces.internal.impl.XMLEntityScanner::skipString (122 bytes)
Event: 8.395 Thread 0x0000018d5d6b1c60 nmethod 2246 0x0000018d4e754890 code [0x0000018d4e754a60, 0x0000018d4e755208]
Event: 8.395 Thread 0x0000018d5d6b1c60 2269       4       java.util.regex.Pattern::atom (422 bytes)
Event: 8.410 Thread 0x0000018d5d6bc8f0 2290       2       java.lang.Class::getDeclaredConstructor (31 bytes)
Event: 8.411 Thread 0x0000018d5d6bc8f0 nmethod 2290 0x0000018d4703b510 code [0x0000018d4703b700, 0x0000018d4703ba78]
Event: 8.411 Thread 0x0000018d5d6bc8f0 2291       2       java.util.regex.Matcher::start (65 bytes)
Event: 8.412 Thread 0x0000018d5d6bc8f0 nmethod 2291 0x0000018d4703bc90 code [0x0000018d4703bea0, 0x0000018d4703c2e8]
Event: 8.413 Thread 0x0000018d5d6b1c60 nmethod 2269 0x0000018d4e755890 code [0x0000018d4e755a80, 0x0000018d4e756348]
Event: 8.413 Thread 0x0000018d5d6b1c60 2279       4       com.sun.org.apache.xerces.internal.impl.XMLEntityScanner::scanLiteral (398 bytes)
Event: 8.442 Thread 0x0000018d5d6b1c60 nmethod 2279 0x0000018d4e756a90 code [0x0000018d4e756c80, 0x0000018d4e757590]
Event: 8.442 Thread 0x0000018d5d6b1c60 2288       4       com.sun.xml.bind.v2.util.QNameMap::getEntry (105 bytes)

GC Heap History (11 events):
Event: 2.459 GC heap before
{Heap before GC invocations=0 (full 0):
 garbage-first heap   total 120832K, used 23552K [0x000000008ac00000, 0x0000000100000000)
  region size 1024K, 23 young (23552K), 0 survivors (0K)
 Metaspace       used 7030K, committed 7104K, reserved 1114112K
  class space    used 791K, committed 832K, reserved 1048576K
}
Event: 2.472 GC heap after
{Heap after GC invocations=1 (full 0):
 garbage-first heap   total 120832K, used 4016K [0x000000008ac00000, 0x0000000100000000)
  region size 1024K, 3 young (3072K), 3 survivors (3072K)
 Metaspace       used 7030K, committed 7104K, reserved 1114112K
  class space    used 791K, committed 832K, reserved 1048576K
}
Event: 4.682 GC heap before
{Heap before GC invocations=1 (full 0):
 garbage-first heap   total 120832K, used 33712K [0x000000008ac00000, 0x0000000100000000)
  region size 1024K, 33 young (33792K), 3 survivors (3072K)
 Metaspace       used 10610K, committed 10816K, reserved 1114112K
  class space    used 1143K, committed 1280K, reserved 1048576K
}
Event: 4.717 GC heap after
{Heap after GC invocations=2 (full 0):
 garbage-first heap   total 120832K, used 11346K [0x000000008ac00000, 0x0000000100000000)
  region size 1024K, 5 young (5120K), 5 survivors (5120K)
 Metaspace       used 10610K, committed 10816K, reserved 1114112K
  class space    used 1143K, committed 1280K, reserved 1048576K
}
Event: 6.346 GC heap before
{Heap before GC invocations=2 (full 0):
 garbage-first heap   total 120832K, used 74834K [0x000000008ac00000, 0x0000000100000000)
  region size 1024K, 67 young (68608K), 5 survivors (5120K)
 Metaspace       used 10856K, committed 11072K, reserved 1114112K
  class space    used 1150K, committed 1280K, reserved 1048576K
}
Event: 8.352 GC heap after
{Heap after GC invocations=3 (full 0):
 garbage-first heap   total 120832K, used 10953K [0x000000008ac00000, 0x0000000100000000)
  region size 1024K, 5 young (5120K), 5 survivors (5120K)
 Metaspace       used 10856K, committed 11072K, reserved 1114112K
  class space    used 1150K, committed 1280K, reserved 1048576K
}
Event: 8.366 GC heap before
{Heap before GC invocations=3 (full 0):
 garbage-first heap   total 120832K, used 11977K [0x000000008ac00000, 0x0000000100000000)
  region size 1024K, 6 young (6144K), 5 survivors (5120K)
 Metaspace       used 10857K, committed 11072K, reserved 1114112K
  class space    used 1150K, committed 1280K, reserved 1048576K
}
Event: 8.374 GC heap after
{Heap after GC invocations=4 (full 0):
 garbage-first heap   total 120832K, used 11141K [0x000000008ac00000, 0x0000000100000000)
  region size 1024K, 1 young (1024K), 1 survivors (1024K)
 Metaspace       used 10857K, committed 11072K, reserved 1114112K
  class space    used 1150K, committed 1280K, reserved 1048576K
}
Event: 8.421 GC heap before
{Heap before GC invocations=4 (full 0):
 garbage-first heap   total 120832K, used 15237K [0x000000008ac00000, 0x0000000100000000)
  region size 1024K, 5 young (5120K), 1 survivors (1024K)
 Metaspace       used 10859K, committed 11072K, reserved 1114112K
  class space    used 1150K, committed 1280K, reserved 1048576K
}
Event: 8.423 GC heap after
{Heap after GC invocations=5 (full 0):
 garbage-first heap   total 120832K, used 11113K [0x000000008ac00000, 0x0000000100000000)
  region size 1024K, 1 young (1024K), 1 survivors (1024K)
 Metaspace       used 10859K, committed 11072K, reserved 1114112K
  class space    used 1150K, committed 1280K, reserved 1048576K
}
Event: 8.449 GC heap before
{Heap before GC invocations=5 (full 0):
 garbage-first heap   total 120832K, used 14185K [0x000000008ac00000, 0x0000000100000000)
  region size 1024K, 5 young (5120K), 1 survivors (1024K)
 Metaspace       used 10859K, committed 11072K, reserved 1114112K
  class space    used 1150K, committed 1280K, reserved 1048576K
}

Dll operation events (6 events):
Event: 0.021 Loaded shared library C:\Users\georg\Downloads\6000.1.14f1\Editor\Data\PlaybackEngines\AndroidPlayer\OpenJDK\bin\java.dll
Event: 0.146 Loaded shared library C:\Users\georg\Downloads\6000.1.14f1\Editor\Data\PlaybackEngines\AndroidPlayer\OpenJDK\bin\jsvml.dll
Event: 0.223 Loaded shared library C:\Users\georg\Downloads\6000.1.14f1\Editor\Data\PlaybackEngines\AndroidPlayer\OpenJDK\bin\net.dll
Event: 0.230 Loaded shared library C:\Users\georg\Downloads\6000.1.14f1\Editor\Data\PlaybackEngines\AndroidPlayer\OpenJDK\bin\nio.dll
Event: 0.249 Loaded shared library C:\Users\georg\Downloads\6000.1.14f1\Editor\Data\PlaybackEngines\AndroidPlayer\OpenJDK\bin\zip.dll
Event: 1.892 Loaded shared library C:\Users\georg\Downloads\6000.1.14f1\Editor\Data\PlaybackEngines\AndroidPlayer\OpenJDK\bin\jimage.dll

Deoptimization events (20 events):
Event: 4.642 Thread 0x0000018d3d85b920 DEOPT PACKING pc=0x0000018d46e4cb66 sp=0x00000055c63fdfe0
Event: 4.642 Thread 0x0000018d3d85b920 DEOPT UNPACKING pc=0x0000018d4e147143 sp=0x00000055c63fd4a0 mode 0
Event: 4.657 Thread 0x0000018d3d85b920 DEOPT PACKING pc=0x0000018d46e4cb66 sp=0x00000055c63fe1c0
Event: 4.657 Thread 0x0000018d3d85b920 DEOPT UNPACKING pc=0x0000018d4e147143 sp=0x00000055c63fd680 mode 0
Event: 4.659 Thread 0x0000018d3d85b920 DEOPT PACKING pc=0x0000018d46e4cb66 sp=0x00000055c63fe130
Event: 4.659 Thread 0x0000018d3d85b920 DEOPT UNPACKING pc=0x0000018d4e147143 sp=0x00000055c63fd5f0 mode 0
Event: 4.663 Thread 0x0000018d3d85b920 DEOPT PACKING pc=0x0000018d46f3ec1c sp=0x00000055c63fe1e0
Event: 4.663 Thread 0x0000018d3d85b920 DEOPT UNPACKING pc=0x0000018d4e147143 sp=0x00000055c63fd640 mode 0
Event: 4.762 Thread 0x0000018d3d85b920 DEOPT PACKING pc=0x0000018d46f750ce sp=0x00000055c63fdcc0
Event: 4.762 Thread 0x0000018d3d85b920 DEOPT UNPACKING pc=0x0000018d4e147143 sp=0x00000055c63fd148 mode 0
Event: 4.763 Thread 0x0000018d3d85b920 DEOPT PACKING pc=0x0000018d46f3be96 sp=0x00000055c63fdcd0
Event: 4.763 Thread 0x0000018d3d85b920 DEOPT UNPACKING pc=0x0000018d4e147143 sp=0x00000055c63fd1b8 mode 0
Event: 4.766 Thread 0x0000018d3d85b920 DEOPT PACKING pc=0x0000018d46f750ce sp=0x00000055c63fdcc0
Event: 4.766 Thread 0x0000018d3d85b920 DEOPT UNPACKING pc=0x0000018d4e147143 sp=0x00000055c63fd148 mode 0
Event: 4.769 Thread 0x0000018d3d85b920 DEOPT PACKING pc=0x0000018d46f750ce sp=0x00000055c63fdcc0
Event: 4.769 Thread 0x0000018d3d85b920 DEOPT UNPACKING pc=0x0000018d4e147143 sp=0x00000055c63fd148 mode 0
Event: 4.944 Thread 0x0000018d3d85b920 Uncommon trap: trap_request=0xffffff45 fr.pc=0x0000018d4e72f7f8 relative=0x0000000000000438
Event: 4.944 Thread 0x0000018d3d85b920 Uncommon trap: reason=unstable_if action=reinterpret pc=0x0000018d4e72f7f8 method=com.sun.org.apache.xerces.internal.impl.XMLEntityScanner.scanContent(Lcom/sun/org/apache/xerces/internal/xni/XMLString;)I @ 103 c2
Event: 4.944 Thread 0x0000018d3d85b920 DEOPT PACKING pc=0x0000018d4e72f7f8 sp=0x00000055c63fe2c0
Event: 4.944 Thread 0x0000018d3d85b920 DEOPT UNPACKING pc=0x0000018d4e1469a3 sp=0x00000055c63fe280 mode 2

Classes unloaded (0 events):
No events

Classes redefined (0 events):
No events

Internal exceptions (20 events):
Event: 2.954 Thread 0x0000018d3d85b920 Exception <a 'sun/nio/fs/WindowsException'{0x0000000091c900e8}> (0x0000000091c900e8) 
thrown [s\src\hotspot\share\prims\jni.cpp, line 516]
Event: 2.954 Thread 0x0000018d3d85b920 Exception <a 'sun/nio/fs/WindowsException'{0x0000000091c90678}> (0x0000000091c90678) 
thrown [s\src\hotspot\share\prims\jni.cpp, line 516]
Event: 2.954 Thread 0x0000018d3d85b920 Exception <a 'sun/nio/fs/WindowsException'{0x0000000091c90e40}> (0x0000000091c90e40) 
thrown [s\src\hotspot\share\prims\jni.cpp, line 516]
Event: 2.955 Thread 0x0000018d3d85b920 Exception <a 'sun/nio/fs/WindowsException'{0x0000000091c91ac8}> (0x0000000091c91ac8) 
thrown [s\src\hotspot\share\prims\jni.cpp, line 516]
Event: 2.955 Thread 0x0000018d3d85b920 Exception <a 'sun/nio/fs/WindowsException'{0x0000000091c91e88}> (0x0000000091c91e88) 
thrown [s\src\hotspot\share\prims\jni.cpp, line 516]
Event: 2.955 Thread 0x0000018d3d85b920 Exception <a 'sun/nio/fs/WindowsException'{0x0000000091c92708}> (0x0000000091c92708) 
thrown [s\src\hotspot\share\prims\jni.cpp, line 516]
Event: 2.955 Thread 0x0000018d3d85b920 Exception <a 'sun/nio/fs/WindowsException'{0x0000000091c92e80}> (0x0000000091c92e80) 
thrown [s\src\hotspot\share\prims\jni.cpp, line 516]
Event: 2.955 Thread 0x0000018d3d85b920 Exception <a 'sun/nio/fs/WindowsException'{0x0000000091c933f0}> (0x0000000091c933f0) 
thrown [s\src\hotspot\share\prims\jni.cpp, line 516]
Event: 2.955 Thread 0x0000018d3d85b920 Exception <a 'sun/nio/fs/WindowsException'{0x0000000091c93b88}> (0x0000000091c93b88) 
thrown [s\src\hotspot\share\prims\jni.cpp, line 516]
Event: 2.955 Thread 0x0000018d3d85b920 Exception <a 'sun/nio/fs/WindowsException'{0x0000000091c94618}> (0x0000000091c94618) 
thrown [s\src\hotspot\share\prims\jni.cpp, line 516]
Event: 2.956 Thread 0x0000018d3d85b920 Exception <a 'sun/nio/fs/WindowsException'{0x0000000091c949d0}> (0x0000000091c949d0) 
thrown [s\src\hotspot\share\prims\jni.cpp, line 516]
Event: 2.956 Thread 0x0000018d3d85b920 Exception <a 'sun/nio/fs/WindowsException'{0x0000000091c95400}> (0x0000000091c95400) 
thrown [s\src\hotspot\share\prims\jni.cpp, line 516]
Event: 2.956 Thread 0x0000018d3d85b920 Exception <a 'sun/nio/fs/WindowsException'{0x0000000091c957e0}> (0x0000000091c957e0) 
thrown [s\src\hotspot\share\prims\jni.cpp, line 516]
Event: 2.956 Thread 0x0000018d3d85b920 Exception <a 'sun/nio/fs/WindowsException'{0x0000000091c96830}> (0x0000000091c96830) 
thrown [s\src\hotspot\share\prims\jni.cpp, line 516]
Event: 2.956 Thread 0x0000018d3d85b920 Exception <a 'sun/nio/fs/WindowsException'{0x0000000091c96c10}> (0x0000000091c96c10) 
thrown [s\src\hotspot\share\prims\jni.cpp, line 516]
Event: 3.029 Thread 0x0000018d3d85b920 Exception <a 'java/lang/NoSuchMethodError'{0x0000000091b943d0}: 'java.lang.Object java.lang.invoke.DirectMethodHandle$Holder.newInvokeSpecial(java.lang.Object, double)'> (0x0000000091b943d0) 
thrown [s\src\hotspot\share\interpreter\linkResolver.cpp, line 759]
Event: 4.100 Thread 0x0000018d3d85b920 Exception <a 'sun/nio/fs/WindowsException'{0x0000000091aa6c68}> (0x0000000091aa6c68) 
thrown [s\src\hotspot\share\prims\jni.cpp, line 516]
Event: 4.142 Thread 0x0000018d3d85b920 Exception <a 'java/lang/NoSuchMethodError'{0x0000000091aa7850}: 'int java.lang.invoke.DirectMethodHandle$Holder.invokeInterface(java.lang.Object, java.lang.Object)'> (0x0000000091aa7850) 
thrown [s\src\hotspot\share\interpreter\linkResolver.cpp, line 759]
Event: 4.403 Thread 0x0000018d3d85b920 Exception <a 'java/lang/NoSuchMethodError'{0x0000000091ab1cb0}: 'void java.lang.invoke.DirectMethodHandle$Holder.invokeStatic(java.lang.Object, int, java.lang.Object)'> (0x0000000091ab1cb0) 
thrown [s\src\hotspot\share\interpreter\linkResolver.cpp, line 759]
Event: 4.420 Thread 0x0000018d3d85b920 Exception <a 'java/lang/NoSuchMethodError'{0x0000000091ac3788}: 'java.lang.Object java.lang.invoke.DirectMethodHandle$Holder.newInvokeSpecial(java.lang.Object, java.lang.Object, java.lang.Object, java.lang.Object, java.lang.Object, java.lang.Object)'> (0x0000000091ac3788) 
thrown [s\src\hotspot\share\interpreter\linkResolver.cpp, line 759]

VM Operations (20 events):
Event: 2.472 Executing VM operation: G1CollectForAllocation done
Event: 2.805 Executing VM operation: HandshakeAllThreads
Event: 2.805 Executing VM operation: HandshakeAllThreads done
Event: 3.014 Executing VM operation: HandshakeAllThreads
Event: 3.014 Executing VM operation: HandshakeAllThreads done
Event: 3.019 Executing VM operation: HandshakeAllThreads
Event: 3.019 Executing VM operation: HandshakeAllThreads done
Event: 4.033 Executing VM operation: Cleanup
Event: 4.095 Executing VM operation: Cleanup done
Event: 4.682 Executing VM operation: G1CollectForAllocation
Event: 4.717 Executing VM operation: G1CollectForAllocation done
Event: 5.726 Executing VM operation: Cleanup
Event: 6.249 Executing VM operation: Cleanup done
Event: 6.346 Executing VM operation: G1CollectForAllocation
Event: 8.352 Executing VM operation: G1CollectForAllocation done
Event: 8.366 Executing VM operation: G1CollectForAllocation
Event: 8.375 Executing VM operation: G1CollectForAllocation done
Event: 8.421 Executing VM operation: G1CollectForAllocation
Event: 8.423 Executing VM operation: G1CollectForAllocation done
Event: 8.449 Executing VM operation: G1CollectForAllocation

Events (20 events):
Event: 4.441 Thread 0x0000018da4892b30 Thread exited: 0x0000018da4892b30
Event: 4.442 Thread 0x0000018da4890cd0 Thread exited: 0x0000018da4890cd0
Event: 4.442 Thread 0x0000018da3d3d050 Thread exited: 0x0000018da3d3d050
Event: 4.443 Thread 0x0000018da3d13320 Thread exited: 0x0000018da3d13320
Event: 4.445 Thread 0x0000018da48916f0 Thread exited: 0x0000018da48916f0
Event: 4.445 Thread 0x0000018da37af470 Thread exited: 0x0000018da37af470
Event: 4.447 Thread 0x0000018da48911e0 Thread exited: 0x0000018da48911e0
Event: 4.447 Thread 0x0000018da3d1bab0 Thread exited: 0x0000018da3d1bab0
Event: 4.448 Thread 0x0000018da4893040 Thread exited: 0x0000018da4893040
Event: 4.450 Thread 0x0000018da48902b0 Thread exited: 0x0000018da48902b0
Event: 4.452 Thread 0x0000018da37aef90 Thread exited: 0x0000018da37aef90
Event: 4.453 Thread 0x0000018da488fda0 Thread exited: 0x0000018da488fda0
Event: 4.454 Thread 0x0000018da48e4210 Thread exited: 0x0000018da48e4210
Event: 4.454 Thread 0x0000018da48e74b0 Thread exited: 0x0000018da48e74b0
Event: 4.456 Thread 0x0000018da488f890 Thread exited: 0x0000018da488f890
Event: 4.456 Thread 0x0000018da48907c0 Thread exited: 0x0000018da48907c0
Event: 4.461 Thread 0x0000018da4892620 Thread exited: 0x0000018da4892620
Event: 4.480 Thread 0x0000018da3c3e820 Thread added: 0x0000018da3c3e820
Event: 4.590 loading class java/util/Comparators$NaturalOrderComparator
Event: 4.591 loading class java/util/Comparators$NaturalOrderComparator done


Dynamic libraries:
0x00007ff77a510000 - 0x00007ff77a51e000 	C:\Users\georg\Downloads\6000.1.14f1\Editor\Data\PlaybackEngines\AndroidPlayer\OpenJDK\bin\java.exe
0x00007fffd39e0000 - 0x00007fffd3c47000 	C:\WINDOWS\SYSTEM32\ntdll.dll
0x00007fffd18a0000 - 0x00007fffd1969000 	C:\WINDOWS\System32\KERNEL32.DLL
0x00007fffd10d0000 - 0x00007fffd14bf000 	C:\WINDOWS\System32\KERNELBASE.dll
0x00007fffd0e50000 - 0x00007fffd0f9b000 	C:\WINDOWS\System32\ucrtbase.dll
0x00007fffb9d10000 - 0x00007fffb9d27000 	C:\Users\georg\Downloads\6000.1.14f1\Editor\Data\PlaybackEngines\AndroidPlayer\OpenJDK\bin\jli.dll
0x00007fff39a50000 - 0x00007fff39a6b000 	C:\Users\georg\Downloads\6000.1.14f1\Editor\Data\PlaybackEngines\AndroidPlayer\OpenJDK\bin\VCRUNTIME140.dll
0x00007fffd23f0000 - 0x00007fffd25b5000 	C:\WINDOWS\System32\USER32.dll
0x00007fffd0b30000 - 0x00007fffd0b57000 	C:\WINDOWS\System32\win32u.dll
0x00007fffb8c80000 - 0x00007fffb8f13000 	C:\WINDOWS\WinSxS\amd64_microsoft.windows.common-controls_6595b64144ccf1df_6.0.26100.7309_none_3e05feeae336a044\COMCTL32.dll
0x00007fffd3800000 - 0x00007fffd382b000 	C:\WINDOWS\System32\GDI32.dll
0x00007fffd1da0000 - 0x00007fffd1e49000 	C:\WINDOWS\System32\msvcrt.dll
0x00007fffd0fa0000 - 0x00007fffd10cc000 	C:\WINDOWS\System32\gdi32full.dll
0x00007fffd16d0000 - 0x00007fffd1773000 	C:\WINDOWS\System32\msvcp_win.dll
0x00007fffd1ce0000 - 0x00007fffd1d11000 	C:\WINDOWS\System32\IMM32.DLL
0x00007fffb9d00000 - 0x00007fffb9d0c000 	C:\Users\georg\Downloads\6000.1.14f1\Editor\Data\PlaybackEngines\AndroidPlayer\OpenJDK\bin\vcruntime140_1.dll
0x00007fff399c0000 - 0x00007fff39a4d000 	C:\Users\georg\Downloads\6000.1.14f1\Editor\Data\PlaybackEngines\AndroidPlayer\OpenJDK\bin\msvcp140.dll
0x00007ffdb45c0000 - 0x00007ffdb5221000 	C:\Users\georg\Downloads\6000.1.14f1\Editor\Data\PlaybackEngines\AndroidPlayer\OpenJDK\bin\server\jvm.dll
0x00007fffd2fd0000 - 0x00007fffd3084000 	C:\WINDOWS\System32\ADVAPI32.dll
0x00007fffd2f20000 - 0x00007fffd2fc6000 	C:\WINDOWS\System32\sechost.dll
0x00007fffd1780000 - 0x00007fffd1898000 	C:\WINDOWS\System32\RPCRT4.dll
0x00007fffd0990000 - 0x00007fffd09ee000 	C:\WINDOWS\SYSTEM32\POWRPROF.dll
0x00007fffca650000 - 0x00007fffca685000 	C:\WINDOWS\SYSTEM32\WINMM.dll
0x00007fffb1530000 - 0x00007fffb153a000 	C:\WINDOWS\SYSTEM32\WSOCK32.dll
0x00007fffca690000 - 0x00007fffca69b000 	C:\WINDOWS\SYSTEM32\VERSION.dll
0x00007fffd1970000 - 0x00007fffd19e4000 	C:\WINDOWS\System32\WS2_32.dll
0x00007fffd0970000 - 0x00007fffd0984000 	C:\WINDOWS\SYSTEM32\UMPDC.dll
0x00007fffcf8e0000 - 0x00007fffcf8fb000 	C:\WINDOWS\SYSTEM32\kernel.appcore.dll
0x00007fff399b0000 - 0x00007fff399ba000 	C:\Users\georg\Downloads\6000.1.14f1\Editor\Data\PlaybackEngines\AndroidPlayer\OpenJDK\bin\jimage.dll
0x00007fffc58e0000 - 0x00007fffc5b22000 	C:\WINDOWS\SYSTEM32\DBGHELP.DLL
0x00007fffd2ae0000 - 0x00007fffd2e66000 	C:\WINDOWS\System32\combase.dll
0x00007fffd2030000 - 0x00007fffd2106000 	C:\WINDOWS\System32\OLEAUT32.dll
0x00007fffb5d30000 - 0x00007fffb5d6c000 	C:\WINDOWS\SYSTEM32\dbgcore.DLL
0x00007fffd1620000 - 0x00007fffd16c5000 	C:\WINDOWS\System32\bcryptPrimitives.dll
0x00007ffe48900000 - 0x00007ffe48925000 	C:\Users\georg\Downloads\6000.1.14f1\Editor\Data\PlaybackEngines\AndroidPlayer\OpenJDK\bin\java.dll
0x00007ffde0990000 - 0x00007ffde0a67000 	C:\Users\georg\Downloads\6000.1.14f1\Editor\Data\PlaybackEngines\AndroidPlayer\OpenJDK\bin\jsvml.dll
0x00007fffd3090000 - 0x00007fffd37e3000 	C:\WINDOWS\System32\SHELL32.dll
0x00007fffd0b60000 - 0x00007fffd0cca000 	C:\WINDOWS\System32\wintypes.dll
0x00007fffce750000 - 0x00007fffcefae000 	C:\WINDOWS\SYSTEM32\windows.storage.dll
0x00007fffd2110000 - 0x00007fffd2205000 	C:\WINDOWS\System32\SHCORE.dll
0x00007fffd2320000 - 0x00007fffd2386000 	C:\WINDOWS\System32\shlwapi.dll
0x00007fffd0a50000 - 0x00007fffd0a79000 	C:\WINDOWS\SYSTEM32\profapi.dll
0x00007ffe57d60000 - 0x00007ffe57d79000 	C:\Users\georg\Downloads\6000.1.14f1\Editor\Data\PlaybackEngines\AndroidPlayer\OpenJDK\bin\net.dll
0x00007fffc7d90000 - 0x00007fffc7eb8000 	C:\WINDOWS\SYSTEM32\WINHTTP.dll
0x00007fffcfe50000 - 0x00007fffcfebb000 	C:\WINDOWS\system32\mswsock.dll
0x00007ffe52bd0000 - 0x00007ffe52be6000 	C:\Users\georg\Downloads\6000.1.14f1\Editor\Data\PlaybackEngines\AndroidPlayer\OpenJDK\bin\nio.dll
0x00007ffe4f5b0000 - 0x00007ffe4f5c8000 	C:\Users\georg\Downloads\6000.1.14f1\Editor\Data\PlaybackEngines\AndroidPlayer\OpenJDK\bin\zip.dll

dbghelp: loaded successfully - version: 4.0.5 - missing functions: none
symbol engine: initialized successfully - sym options: 0x614 - pdb path: .;C:\Users\georg\Downloads\6000.1.14f1\Editor\Data\PlaybackEngines\AndroidPlayer\OpenJDK\bin;C:\WINDOWS\SYSTEM32;C:\WINDOWS\WinSxS\amd64_microsoft.windows.common-controls_6595b64144ccf1df_6.0.26100.7309_none_3e05feeae336a044;C:\Users\georg\Downloads\6000.1.14f1\Editor\Data\PlaybackEngines\AndroidPlayer\OpenJDK\bin\server

VM Arguments:
jvm_args: -Dcom.android.sdklib.toolsdir=C:\Users\georg\Downloads\6000.1.14f1\Editor\Data\PlaybackEngines\AndroidPlayer\SDK\cmdline-tools\16.0\bin\\.. 
java_command: com.android.sdklib.tool.sdkmanager.SdkManagerCli --list
java_class_path (initial): C:\Users\georg\Downloads\6000.1.14f1\Editor\Data\PlaybackEngines\AndroidPlayer\SDK\cmdline-tools\16.0\bin\..\lib\sdkmanager-classpath.jar
Launcher Type: SUN_STANDARD

[Global flags]
     intx CICompilerCount                          = 4                                         {product} {ergonomic}
     uint ConcGCThreads                            = 3                                         {product} {ergonomic}
     uint G1ConcRefinementThreads                  = 10                                        {product} {ergonomic}
   size_t G1HeapRegionSize                         = 1048576                                   {product} {ergonomic}
    uintx GCDrainStackTargetSize                   = 64                                        {product} {ergonomic}
   size_t InitialHeapSize                          = 123731968                                 {product} {ergonomic}
   size_t MarkStackSize                            = 4194304                                   {product} {ergonomic}
   size_t MaxHeapSize                              = 1967128576                                {product} {ergonomic}
   size_t MaxNewSize                               = 1179648000                                {product} {ergonomic}
   size_t MinHeapDeltaBytes                        = 1048576                                   {product} {ergonomic}
   size_t MinHeapSize                              = 8388608                                   {product} {ergonomic}
    uintx NonNMethodCodeHeapSize                   = 5839372                                {pd product} {ergonomic}
    uintx NonProfiledCodeHeapSize                  = 122909434                              {pd product} {ergonomic}
    uintx ProfiledCodeHeapSize                     = 122909434                              {pd product} {ergonomic}
    uintx ReservedCodeCacheSize                    = 251658240                              {pd product} {ergonomic}
     bool SegmentedCodeCache                       = true                                      {product} {ergonomic}
   size_t SoftMaxHeapSize                          = 1967128576                             {manageable} {ergonomic}
     bool UseCompressedClassPointers               = true                           {product lp64_product} {ergonomic}
     bool UseCompressedOops                        = true                           {product lp64_product} {ergonomic}
     bool UseG1GC                                  = true                                      {product} {ergonomic}
     bool UseLargePagesIndividualAllocation        = false                                  {pd product} {ergonomic}

Logging:
Log output configuration:
 #0: stdout all=warning uptime,level,tags
 #1: stderr all=off uptime,level,tags

Environment Variables:
JAVA_HOME=C:\Users\georg\Downloads\6000.1.14f1\Editor\Data\PlaybackEngines\AndroidPlayer\OpenJDK
CLASSPATH=C:\Users\georg\Downloads\6000.1.14f1\Editor\Data\PlaybackEngines\AndroidPlayer\SDK\cmdline-tools\16.0\bin\..\lib\sdkmanager-classpath.jar
PATH=C:\Program Files\PlasticSCM5\server;C:\Program Files\PlasticSCM5\client;C:\Python312\Scripts\;C:\Python312\;C:\Program Files\Common Files\Oracle\Java\javapath;C:\Program Files (x86)\Common Files\Oracle\Java\javapath;C:\Program Files\Eclipse Adoptium\jdk-17.0.8.101-hotspot\bin;C:\windows\system32;C:\windows;C:\windows\System32\Wbem;C:\windows\System32\WindowsPowerShell\v1.0\;C:\windows\System32\OpenSSH\;C:\Program Files\nodejs\;C:\ProgramData\chocolatey\bin;C:\Program Files\HP\HP One Agent;C:\Program Files\Git\cmd;C:\Program Files (x86)\QuickTime\QTSystem\;C:\xamp2\php;C:\ProgramData\ComposerSetup\bin;C:\Program Files (x86)\AOMEI\AOMEI Backupper\7.4.2;C:\WINDOWS\system32;C:\WINDOWS;C:\WINDOWS\System32\Wbem;C:\WINDOWS\System32\WindowsPowerShell\v1.0\;C:\WINDOWS\System32\OpenSSH\;C:\Program Files\Amazon\AWSCLIV2\;C:\Program Files (x86)\Windows Kits\10\Windows Performance Toolkit\;C:\Program Files\dotnet\;C:\Users\georg\AppData\Local\Microsoft\WindowsApps;C:\Users\georg\Downloads\Microsoft VS Code\bin;C:\Users\georg\AppData\Local\Packages\PythonSoftwareFoundation.Python.3.11_qbz5n2kfra8p0\LocalCache\local-packages\Python311\Scripts;C:\Users\georg\AppData\Roaming\npm;C:\Users\georg\AppData\Local\Programs\MiKTeX\miktex\bin\x64\;C:\Program Files\JetBrains\PyCharm Community Edition 2023.3.5\bin;;C:\Users\georg\AppData\Local\GitHubDesktop\bin;C:\msys64\ucrt64\bin;C:\Users\georg\AppData\Roaming\Composer\vendor\bin;C:\Users\georg\.dotnet\tools;
USERNAME=georg
OS=Windows_NT
PROCESSOR_IDENTIFIER=AMD64 Family 23 Model 104 Stepping 1, AuthenticAMD
TMP=C:\Users\georg\AppData\Local\Temp
TEMP=C:\Users\georg\AppData\Local\Temp



Periodic native trim disabled


---------------  S Y S T E M  ---------------

OS:
 Windows 11 , 64 bit Build 26100 (10.0.26100.7623)
OS uptime: 1 days 4:25 hours

CPU: total 12 (initial active 12) (12 cores per cpu, 2 threads per core) family 23 model 104 stepping 1 microcode 0x8608109, cx8, cmov, fxsr, ht, mmx, 3dnowpref, sse, sse2, sse3, ssse3, sse4a, sse4.1, sse4.2, popcnt, lzcnt, tsc, tscinvbit, avx, avx2, aes, clmul, bmi1, bmi2, adx, sha, fma, vzeroupper, clflush, clflushopt
Processor Information for all 12 processors :
  Max Mhz: 2100, Current Mhz: 1988, Mhz Limit: 2100

Memory: 4k page, system-wide physical 7501M (404M free)
TotalPageFile size 30029M (AvailPageFile size 3M)
current process WorkingSet (physical memory assigned to process): 159M, peak: 162M
current process commit charge ("private bytes"): 243M, peak: 448M

vm_info: OpenJDK 64-Bit Server VM (17.0.9+9) for windows-amd64 JRE (17.0.9+9), built on Oct 26 2023 14:01:42 by "admin" with MS VC++ 16.10 / 16.11 (VS2019)

END.
